#
# There is insufficient memory for the Java Runtime Environment to continue.
# Native memory allocation (mmap) failed to map 67108864 bytes for G1 virtual space
# Possible reasons:
#   The system is out of physical RAM or swap space
#   The process is running with CompressedOops enabled, and the Java Heap may be blocking the growth of the native heap
# Possible solutions:
#   Reduce memory load on the system
#   Increase physical memory or swap space
#   Check if swap backing store is full
#   Decrease Java heap size (-Xmx/-Xms)
#   Decrease number of Java threads
#   Decrease Java thread stack sizes (-Xss)
#   Set larger code cache with -XX:ReservedCodeCacheSize=
#   JVM is running with Unscaled Compressed Oops mode in which the Java heap is
#     placed in the first 4GB address space. The Java Heap base address is the
#     maximum limit for the native heap growth. Please use -XX:HeapBaseMinAddress
#     to set the Java Heap base and to place the Java Heap above 4GB virtual address.
# This output file may be truncated or incomplete.
#
#  Out of Memory Error (os_windows.cpp:3528), pid=12264, tid=11500
#
# JRE version:  (20.0.2+9) (build )
# Java VM: Java HotSpot(TM) 64-Bit Server VM (20.0.2+9-78, mixed mode, sharing, tiered, compressed oops, compressed class ptrs, g1 gc, windows-amd64)
# No core dump will be written. Minidumps are not enabled by default on client versions of Windows
#

---------------  S U M M A R Y ------------

Command Line: -Xmx64m -Xms64m -Dorg.gradle.appname=gradlew org.gradle.wrapper.GradleWrapperMain app:assembleDebug -x lint -x test --configure-on-demand --build-cache -PreactNativeDevServerPort=8081 -PreactNativeArchitectures=arm64-v8a,armeabi-v7a

Host: Intel(R) Core(TM) i5-8300H CPU @ 2.30GHz, 8 cores, 15G,  Windows 11 , 64 bit Build 22621 (10.0.22621.3958)
Time: Sun Oct  6 16:40:36 2024 India Standard Time elapsed time: 0.015105 seconds (0d 0h 0m 0s)

---------------  T H R E A D  ---------------

Current thread (0x000002275c3c7ca0):  JavaThread "Unknown thread" [_thread_in_vm, id=11500, stack(0x000000f66ee00000,0x000000f66ef00000)]

Stack: [0x000000f66ee00000,0x000000f66ef00000]
Native frames: (J=compiled Java code, j=interpreted, Vv=VM code, C=native code)
V  [jvm.dll+0x6bc25a]
V  [jvm.dll+0x84971a]
V  [jvm.dll+0x84b315]
V  [jvm.dll+0x84ba13]
V  [jvm.dll+0x280e4f]
V  [jvm.dll+0x6b8fe9]
V  [jvm.dll+0x6adbca]
V  [jvm.dll+0x35b165]
V  [jvm.dll+0x363386]
V  [jvm.dll+0x3b400e]
V  [jvm.dll+0x3b4295]
V  [jvm.dll+0x32b86a]
V  [jvm.dll+0x32c68b]
V  [jvm.dll+0x8123df]
V  [jvm.dll+0x3c1261]
V  [jvm.dll+0x7fe103]
V  [jvm.dll+0x44ccaf]
V  [jvm.dll+0x44e621]
C  [jli.dll+0x5287]
C  [ucrtbase.dll+0x29333]
C  [KERNEL32.DLL+0x1257d]
C  [ntdll.dll+0x5af28]


---------------  P R O C E S S  ---------------

Threads class SMR info:
_java_thread_list=0x00007ff9d8c7b118, length=0, elements={
}

Java Threads: ( => current thread )

Other Threads:
  0x000002275c3eb9a0 WorkerThread "GC Thread#0" [stack: 0x000000f66ef00000,0x000000f66f000000] [id=19680]
  0x000002275c3ee0d0 ConcurrentGCThread "G1 Main Marker" [stack: 0x000000f66f000000,0x000000f66f100000] [id=11796]
  0x000002275c3f0cc0 WorkerThread "G1 Conc#0" [stack: 0x000000f66f100000,0x000000f66f200000] [id=24068]

[error occurred during error reporting (printing all threads), id 0xc0000005, EXCEPTION_ACCESS_VIOLATION (0xc0000005) at pc=0x00007ff9d845eea7]
VM state: not at safepoint (not fully initialized)

VM Mutex/Monitor currently owned by a thread:  ([mutex/lock_event])
[0x000002275c3c3da0] Heap_lock - owner thread: 0x000002275c3c7ca0

Heap address: 0x00000000fc000000, size: 64 MB, Compressed Oops mode: 32-bit

CDS archive(s) mapped at: [0x0000000000000000-0x0000000000000000-0x0000000000000000), size 0, SharedBaseAddress: 0x0000000800000000, ArchiveRelocationMode: 1.
Narrow klass base: 0x0000000000000000, Narrow klass shift: 0, Narrow klass range: 0x0

GC Precious Log:
 CardTable entry size: 512
 Card Set container configuration: InlinePtr #cards 5 size 8 Array Of Cards #cards 12 size 40 Howl #buckets 4 coarsen threshold 1843 Howl Bitmap #cards 512 size 80 coarsen threshold 460 Card regions per heap region 1 cards per card region 2048

Heap:
 garbage-first heap   total 0K, used 0K [0x00000000fc000000, 0x0000000100000000)
  region size 1024K, 0 young (0K), 0 survivors (0K)

[error occurred during error reporting (printing heap information), id 0xc0000005, EXCEPTION_ACCESS_VIOLATION (0xc0000005) at pc=0x00007ff9d88347b9]
GC Heap History (0 events):
No events

Dll operation events (1 events):
Event: 0.008 Loaded shared library C:\Program Files\Java\jdk-20\bin\java.dll

Deoptimization events (0 events):
No events

Classes loaded (0 events):
No events

Classes unloaded (0 events):
No events

Classes redefined (0 events):
No events

Internal exceptions (0 events):
No events

VM Operations (0 events):
No events

Events (0 events):
No events


Dynamic libraries:
0x00007ff7855d0000 - 0x00007ff7855e0000 	C:\Program Files\Java\jdk-20\bin\java.exe
0x00007ffa71910000 - 0x00007ffa71b27000 	C:\WINDOWS\SYSTEM32\ntdll.dll
0x00007ffa70d40000 - 0x00007ffa70e04000 	C:\WINDOWS\System32\KERNEL32.DLL
0x00007ffa6ec30000 - 0x00007ffa6efdd000 	C:\WINDOWS\System32\KERNELBASE.dll
0x00007ffa6be90000 - 0x00007ffa6bf27000 	C:\WINDOWS\SYSTEM32\apphelp.dll
0x00007ffa6f450000 - 0x00007ffa6f561000 	C:\WINDOWS\System32\ucrtbase.dll
0x00007ffa4b520000 - 0x00007ffa4b539000 	C:\Program Files\Java\jdk-20\bin\jli.dll
0x00007ffa4c600000 - 0x00007ffa4c61b000 	C:\Program Files\Java\jdk-20\bin\VCRUNTIME140.dll
0x00007ffa716f0000 - 0x00007ffa717a2000 	C:\WINDOWS\System32\ADVAPI32.dll
0x00007ffa70e10000 - 0x00007ffa70eb7000 	C:\WINDOWS\System32\msvcrt.dll
0x00007ffa71390000 - 0x00007ffa71439000 	C:\WINDOWS\System32\sechost.dll
0x00007ffa6f570000 - 0x00007ffa6f598000 	C:\WINDOWS\System32\bcrypt.dll
0x00007ffa71130000 - 0x00007ffa71244000 	C:\WINDOWS\System32\RPCRT4.dll
0x00007ffa6fac0000 - 0x00007ffa6fc6e000 	C:\WINDOWS\System32\USER32.dll
0x00007ffa6f270000 - 0x00007ffa6f296000 	C:\WINDOWS\System32\win32u.dll
0x00007ffa59450000 - 0x00007ffa596e3000 	C:\WINDOWS\WinSxS\amd64_microsoft.windows.common-controls_6595b64144ccf1df_6.0.22621.3672_none_2713b9d173822955\COMCTL32.dll
0x00007ffa70d10000 - 0x00007ffa70d39000 	C:\WINDOWS\System32\GDI32.dll
0x00007ffa6f150000 - 0x00007ffa6f269000 	C:\WINDOWS\System32\gdi32full.dll
0x00007ffa6f5a0000 - 0x00007ffa6f63a000 	C:\WINDOWS\System32\msvcp_win.dll
0x00007ffa65370000 - 0x00007ffa6537a000 	C:\WINDOWS\SYSTEM32\VERSION.dll
0x00007ffa717b0000 - 0x00007ffa717e1000 	C:\WINDOWS\System32\IMM32.DLL
0x00007ffa65a70000 - 0x00007ffa65a7c000 	C:\Program Files\Java\jdk-20\bin\vcruntime140_1.dll
0x00007ffa23300000 - 0x00007ffa2338e000 	C:\Program Files\Java\jdk-20\bin\msvcp140.dll
0x00007ff9d8120000 - 0x00007ff9d8db8000 	C:\Program Files\Java\jdk-20\bin\server\jvm.dll
0x00007ffa65650000 - 0x00007ffa65659000 	C:\WINDOWS\SYSTEM32\WSOCK32.dll
0x00007ffa66730000 - 0x00007ffa66764000 	C:\WINDOWS\SYSTEM32\WINMM.dll
0x00007ffa6fc70000 - 0x00007ffa6fce1000 	C:\WINDOWS\System32\WS2_32.dll
0x00007ffa6dc40000 - 0x00007ffa6dc58000 	C:\WINDOWS\SYSTEM32\kernel.appcore.dll
0x00007ffa5f3d0000 - 0x00007ffa5f3da000 	C:\Program Files\Java\jdk-20\bin\jimage.dll
0x00007ffa5c8e0000 - 0x00007ffa5cb12000 	C:\WINDOWS\SYSTEM32\DBGHELP.DLL
0x00007ffa70970000 - 0x00007ffa70cfe000 	C:\WINDOWS\System32\combase.dll
0x00007ffa6fcf0000 - 0x00007ffa6fdc7000 	C:\WINDOWS\System32\OLEAUT32.dll
0x00007ffa4f150000 - 0x00007ffa4f182000 	C:\WINDOWS\SYSTEM32\dbgcore.DLL
0x00007ffa6f3d0000 - 0x00007ffa6f44b000 	C:\WINDOWS\System32\bcryptPrimitives.dll
0x00007ffa4adb0000 - 0x00007ffa4add6000 	C:\Program Files\Java\jdk-20\bin\java.dll

dbghelp: loaded successfully - version: 4.0.5 - missing functions: none
symbol engine: initialized successfully - sym options: 0x614 - pdb path: .;C:\Program Files\Java\jdk-20\bin;C:\WINDOWS\SYSTEM32;C:\WINDOWS\WinSxS\amd64_microsoft.windows.common-controls_6595b64144ccf1df_6.0.22621.3672_none_2713b9d173822955;C:\Program Files\Java\jdk-20\bin\server

VM Arguments:
jvm_args: -Xmx64m -Xms64m -Dorg.gradle.appname=gradlew 
java_command: org.gradle.wrapper.GradleWrapperMain app:assembleDebug -x lint -x test --configure-on-demand --build-cache -PreactNativeDevServerPort=8081 -PreactNativeArchitectures=arm64-v8a,armeabi-v7a
java_class_path (initial): G:\Dev\repos\BnB\android\\gradle\wrapper\gradle-wrapper.jar
Launcher Type: SUN_STANDARD

[Global flags]
     intx CICompilerCount                          = 4                                         {product} {ergonomic}
     uint ConcGCThreads                            = 2                                         {product} {ergonomic}
     uint G1ConcRefinementThreads                  = 8                                         {product} {ergonomic}
   size_t G1HeapRegionSize                         = 1048576                                   {product} {ergonomic}
    uintx GCDrainStackTargetSize                   = 64                                        {product} {ergonomic}
   size_t InitialHeapSize                          = 67108864                                  {product} {command line}
   size_t MarkStackSize                            = 4194304                                   {product} {ergonomic}
   size_t MaxHeapSize                              = 67108864                                  {product} {command line}
   size_t MinHeapDeltaBytes                        = 1048576                                   {product} {ergonomic}
   size_t MinHeapSize                              = 67108864                                  {product} {command line}
    uintx NonNMethodCodeHeapSize                   = 5839372                                {pd product} {ergonomic}
    uintx NonProfiledCodeHeapSize                  = 122909434                              {pd product} {ergonomic}
    uintx ProfiledCodeHeapSize                     = 122909434                              {pd product} {ergonomic}
    uintx ReservedCodeCacheSize                    = 251658240                              {pd product} {ergonomic}
     bool SegmentedCodeCache                       = true                                      {product} {ergonomic}
   size_t SoftMaxHeapSize                          = 67108864                               {manageable} {ergonomic}
     bool UseCompressedClassPointers               = true                           {product lp64_product} {ergonomic}
     bool UseCompressedOops                        = true                           {product lp64_product} {ergonomic}
     bool UseG1GC                                  = true                                      {product} {ergonomic}
     bool UseLargePagesIndividualAllocation        = false                                  {pd product} {ergonomic}

Logging:
Log output configuration:
 #0: stdout all=warning uptime,level,tags foldmultilines=false
 #1: stderr all=off uptime,level,tags foldmultilines=false

Environment Variables:
JAVA_HOME=C:\Program Files\Java\jdk-20
CLASSPATH=G:\Dev\repos\BnB\android\\gradle\wrapper\gradle-wrapper.jar
PATH=C:\Users\tsaty\AppData\Local\pnpm-cache\dlx\itfh57mbjzbibf5pjvphlmon6u\pkg\node_modules\.bin;C:\Program Files\WindowsApps\Microsoft.PowerShell_7.4.3.0_x64__8wekyb3d8bbwe;C:\Users\tsaty\AppData\Local\cloud-code\installer\google-cloud-sdk\bin;C:\Program Files\Common Files\Oracle\Java\javapath;C:\Program Files (x86)\Common Files\Oracle\Java\javapath;C:\Python311\Scripts\;C:\Python311\;C:\ProgramData\Oracle\Java\javapath;C:\WINDOWS\system32;C:\WINDOWS;C:\WINDOWS\System32\Wbem;C:\WINDOWS\System32\WindowsPowerShell\v1.0\;C:\Program Files (x86)\Skype\Phone\;C:\WINDOWS\System32\OpenSSH\;C:\Program Files\Process Lasso\;C:\Program Files\TortoiseHg\;C:\Program Files\dotnet\;C:\Program Files\NVIDIA Corporation\NVIDIA NvDLISR;C:\Program Files\Git\bin;C:\ffmpeg;C:\Program Files\VideoLAN\VLC\;C:\ProgramData\chocolatey\bin;C:\FileBot\;C:\Program Files\Tailscale\;C:\Windows\System32;C:\Program Files\Docker\Docker\resources\bin;D:\Personal\Scripts\;C:\Program Files\Go\bin;C:\Program Files\nodejs\;G:\Windows Kits\10\Windows Performance Toolkit\;C:\Program Files\Crucial\Crucial Storage Executive;C:\Program Files (x86)\cloudflared\;C:\Program Files (x86)\Netclient\;C:\Program Files\Cloudflare\Cloudflare WARP\;G:\sudo\bin\;C:\Users\tsaty\scoop\apps\gsudo\current;C:\Users\tsaty\scoop\shims;C:\Users\tsaty\.cargo\bin;C:\Program Files (x86)\GnuWin32\bin;C:\Users\tsaty\AppData\Local\Microsoft\WindowsApps;C:\Program Files\FFMPEG\ffmpeg\bin;C:\Program Files\ExifTool;C:\Users\tsaty\AppData\Local\Programs\Microsoft VS Code\bin;C:\Git\bin;C:\Curl\bin\;G:\msys64\bin\;G:\msys64\;G:\msys64\ucrt64\bin;G:\msys64\ucrt64\lib;G:\cosmo\bin;c:\users\tsaty\appdata\roaming\python\python311\scripts;c:\users\tsaty\.local\bin;C:\Users\tsaty\AppData\Local\GitHubDesktop\bin;C:\Users\tsaty\AppData\Local\Programs\oh-my-posh\bin;D:\Personal\Scripts\;C:\Python311\Scripts\;C:\Python311\;C:\Users\tsaty\go\bin;G:\CodeDev\;C:\Users\tsaty\AppData\Local\pnpm;C:\Users\tsaty\AppData\Roaming\npm;C:\Program Files\Neovim\bin;C:\Users\tsaty\scoop\apps\xmake\current;C:\Program Files (x86)\Google\Chrome\Application\chrome.exe;C:\Program Files (x86)\FontForgeBuilds\bin;C:\Program Files\nu\bin\;
USERNAME=tsaty
LANG=en_US.UTF-8
OS=Windows_NT
PROCESSOR_IDENTIFIER=Intel64 Family 6 Model 158 Stepping 10, GenuineIntel
TMP=C:\Users\tsaty\AppData\Local\Temp
TEMP=C:\Users\tsaty\AppData\Local\Temp




---------------  S Y S T E M  ---------------

OS:
 Windows 11 , 64 bit Build 22621 (10.0.22621.3958)
OS uptime: 2 days 17:08 hours
Hyper-V role detected

CPU: total 8 (initial active 8) (4 cores per cpu, 2 threads per core) family 6 model 158 stepping 10 microcode 0xde, cx8, cmov, fxsr, ht, mmx, 3dnowpref, sse, sse2, sse3, ssse3, sse4.1, sse4.2, popcnt, lzcnt, tsc, tscinvbit, avx, avx2, aes, erms, clmul, bmi1, bmi2, adx, fma, vzeroupper, clflush, clflushopt, hv, rdtscp, f16c

Memory: 4k page, system-wide physical 16226M (1902M free)
TotalPageFile size 19150M (AvailPageFile size 17M)
current process WorkingSet (physical memory assigned to process): 12M, peak: 12M
current process commit charge ("private bytes"): 59M, peak: 123M

vm_info: Java HotSpot(TM) 64-Bit Server VM (20.0.2+9-78) for windows-amd64 JRE (20.0.2+9-78), built on 2023-06-14T10:08:48Z by "mach5one" with MS VC++ 17.1 (VS2022)

END.
